<?xml version="1.0" encoding="UTF-8"?>
<!-- Generated by org.testng.reporters.JUnitReportReporter -->
<testsuite skipped="0" hostname="DESKTOP-S9D1FK5" name="com.qa.rest.test.GetCallBDD" tests="1" failures="0" timestamp="2022-01-09T15:01:27 IST" time="2.662" errors="0">
  <testcase name="test_numberOfCircuitsIn2021" time="2.662" classname="com.qa.rest.test.GetCallBDD"/>
  <system-out/>
</testsuite> <!-- com.qa.rest.test.GetCallBDD -->
